F	M	J	K	L	Cycles	Cost	Product
2	2	1	1	1	202314	5375	1087437750
2	2	1	1	2	192632	4656	896894592
2	2	1	1	3	191367	4659	891578853
2	2	1	2	1	200495	5378	1078262110
2	2	1	2	2	190720	4659	888564480
2	2	1	2	3	189501	4662	883453662
2	2	1	3	1	199977	5381	1076076237
2	2	1	3	2	190289	4662	887127318
2	2	1	3	3	189200	4665	882618000
2	2	2	1	1	161585	5057	817135345
2	2	2	1	2	151230	4655	703975650
2	2	2	1	3	149595	4655	696364725
2	2	2	2	1	160935	5060	814331100
2	2	2	2	2	150588	4658	701438904
2	2	2	2	3	148917	4658	693655386
2	2	2	3	1	160827	5063	814267101
2	2	2	3	2	150475	4661	701363975
2	2	2	3	3	148803	4661	693570783
2	2	3	1	1	153915	5060	778809900
2	2	3	1	2	141469	4658	658962602
2	2	3	1	3	139484	4656	649437504
2	2	3	2	1	153330	5063	776309790
2	2	3	2	2	140845	4661	656478545
2	2	3	2	3	138843	4657	646591851
2	2	3	3	1	153219	5066	776207454
2	2	3	3	2	140729	4664	656360056
2	2	3	3	3	138730	4660	646481800
2	4	1	1	1	154600	4655	719663000
2	4	1	1	2	152244	4657	709000308
2	4	1	1	3	152113	4662	709150806
2	4	1	2	1	154422	4660	719606520
2	4	1	2	2	152058	4662	708894396
2	4	1	2	3	151931	4667	709061977
2	4	1	3	1	154394	4665	720248010
2	4	1	3	2	152030	4667	709524010
2	4	1	3	3	151903	4672	709690816
2	4	2	1	1	138337	4660	644650420
2	4	2	1	2	135105	4651	628373355
2	4	2	1	3	134976	4653	628043328
2	4	2	2	1	138159	4665	644511735
2	4	2	2	2	134934	4656	628252704
2	4	2	2	3	134806	4658	627926348
2	4	2	3	1	138131	4670	645071770
2	4	2	3	2	134908	4661	628806188
2	4	2	3	3	134780	4663	628479140
2	4	3	1	1	136580	4665	637145700
2	4	3	1	2	133838	4656	623149728
2	4	3	1	3	133720	4656	622600320
2	4	3	2	1	136404	4670	637006680
2	4	3	2	2	133670	4661	623035870
2	4	3	2	3	133551	4652	621279252
2	4	3	3	1	136376	4675	637557800
2	4	3	3	2	133644	4666	623582904
2	4	3	3	3	133525	4657	621825925
2	8	1	1	1	142184	4653	661582152
2	8	1	1	2	141924	4659	661223916
2	8	1	1	3	141920	4668	662482560
2	8	1	2	1	142084	4662	662395608
2	8	1	2	2	141817	4668	662001756
2	8	1	2	3	141813	4677	663259401
2	8	1	3	1	142084	4671	663674364
2	8	1	3	2	141817	4677	663278109
2	8	1	3	3	141813	4686	664535718
2	8	2	1	1	133462	4662	622199844
2	8	2	1	2	133366	4643	619218338
2	8	2	1	3	133365	4649	620013885
2	8	2	2	1	133368	4671	622961928
2	8	2	2	2	133267	4652	619958084
2	8	2	2	3	133266	4658	620753028
2	8	2	3	1	133368	4680	624162240
2	8	2	3	2	133267	4661	621157487
2	8	2	3	3	133266	4667	621952422
2	8	3	1	1	132567	4671	619220457
2	8	3	1	2	132339	4652	615641028
2	8	3	1	3	132337	4656	616161072
2	8	3	2	1	132474	4680	619978320
2	8	3	2	2	132240	4661	616370640
2	8	3	2	3	132238	4642	613848796
2	8	3	3	1	132474	4689	621170586
2	8	3	3	2	132240	4670	617560800
2	8	3	3	3	132238	4651	615038938
4	2	1	1	1	197429	6818	1346070922
4	2	1	1	2	186760	6460	1206469600
4	2	1	1	3	185114	6463	1196391782
4	2	1	2	1	195416	6821	1332932536
4	2	1	2	2	184758	6463	1194090954
4	2	1	2	3	183074	6466	1183756484
4	2	1	3	1	194880	6824	1329861120
4	2	1	3	2	184310	6466	1191748460
4	2	1	3	3	182626	6469	1181407594
4	2	2	1	1	154085	6661	1026360185
4	2	2	1	2	141188	6460	912074480
4	2	2	1	3	139400	6459	900384600
4	2	2	2	1	151965	6664	1012694760
4	2	2	2	2	140171	6463	905925173
4	2	2	2	3	138469	6462	894786678
4	2	2	3	1	151656	6667	1011090552
4	2	2	3	2	140017	6466	905349922
4	2	2	3	3	138311	6465	894180615
4	2	3	1	1	144694	6664	964240816
4	2	3	1	2	130223	6463	841631249
4	2	3	1	3	127805	6459	825492495
4	2	3	2	1	143322	6667	955527774
4	2	3	2	2	129244	6466	835691704
4	2	3	2	3	126789	6462	819310518
4	2	3	3	1	143179	6670	955003930
4	2	3	3	2	129085	6469	835050865
4	2	3	3	3	126639	6465	818721135
4	4	1	1	1	145192	6460	937940320
4	4	1	1	2	142322	6461	919542442
4	4	1	1	3	142165	6466	919238890
4	4	1	2	1	144968	6465	937218120
4	4	1	2	2	142098	6466	918805668
4	4	1	2	3	141942	6471	918506682
4	4	1	3	1	144917	6470	937612990
4	4	1	3	2	142049	6471	919199079
4	4	1	3	3	141893	6476	918899068
4	4	2	1	1	126801	6465	819768465
4	4	2	1	2	122026	6456	787799856
4	4	2	1	3	121541	6457	784790237
4	4	2	2	1	126579	6470	818966130
4	4	2	2	2	121787	6461	786865807
4	4	2	2	3	121294	6462	783801828
4	4	2	3	1	126527	6475	819262325
4	4	2	3	2	121736	6466	787144976
4	4	2	3	3	121244	6467	784084948
4	4	3	1	1	124091	6470	802868770
4	4	3	1	2	118525	6461	765790025
4	4	3	1	3	117498	6458	758802084
4	4	3	2	1	123877	6475	802103575
4	4	3	2	2	118293	6466	764882538
4	4	3	2	3	117179	6457	756624803
4	4	3	3	1	123825	6480	802386000
4	4	3	3	2	118242	6471	765143982
4	4	3	3	3	117128	6462	756881136
4	8	1	1	1	131466	6458	849007428
4	8	1	1	2	131092	6463	847247596
4	8	1	1	3	131067	6472	848265624
4	8	1	2	1	131341	6467	849382247
4	8	1	2	2	130962	6472	847586064
4	8	1	2	3	130938	6481	848609178
4	8	1	3	1	131339	6476	850551364
4	8	1	3	2	130960	6481	848751760
4	8	1	3	3	130936	6490	849774640
4	8	2	1	1	118276	6467	764890892
4	8	2	1	2	116711	6448	752552528
4	8	2	1	3	116662	6453	752819886
4	8	2	2	1	118154	6476	765165304
4	8	2	2	2	116540	6457	752498780
4	8	2	2	3	116493	6462	752777766
4	8	2	3	1	118139	6485	766131415
4	8	2	3	2	116526	6466	753457116
4	8	2	3	3	116479	6471	753735609
4	8	3	1	1	116177	6476	752362252
4	8	3	1	2	113810	6457	734871170
4	8	3	1	3	113746	6458	734571668
4	8	3	2	1	116057	6485	752629645
4	8	3	2	2	113690	6466	735119540
4	8	3	2	3	113627	6447	732553269
4	8	3	3	1	116042	6494	753576748
4	8	3	3	2	113675	6475	736045625
4	8	3	3	3	113613	6456	733485528
8	2	1	1	1	195724	7540	1475758960
8	2	1	1	2	184771	7363	1360468873
8	2	1	1	3	183016	7366	1348095856
8	2	1	2	1	193538	7543	1459857134
8	2	1	2	2	182651	7366	1345407266
8	2	1	2	3	180852	7369	1332698388
8	2	1	3	1	192984	7546	1456257264
8	2	1	3	2	182190	7369	1342558110
8	2	1	3	3	180390	7372	1329835080
8	2	2	1	1	151452	7463	1130286276
8	2	2	1	2	138123	7362	1016861526
8	2	2	1	3	135892	7362	1000436904
8	2	2	2	1	149218	7466	1114061588
8	2	2	2	2	136223	7365	1003282395
8	2	2	2	3	134313	7365	989215245
8	2	2	3	1	148763	7469	1111110847
8	2	2	3	2	136039	7368	1002335352
8	2	2	3	3	134141	7368	988350888
8	2	3	1	1	141734	7466	1058186044
8	2	3	1	2	126040	7364	928158560
8	2	3	1	3	123439	7361	908634479
8	2	3	2	1	139507	7469	1041977783
8	2	3	2	2	124775	7367	919217425
8	2	3	2	3	122149	7364	899505236
8	2	3	3	1	139309	7472	1040916848
8	2	3	3	2	124600	7370	918302000
8	2	3	3	3	121982	7367	898641394
8	4	1	1	1	141469	7362	1041494778
8	4	1	1	2	138437	7364	1019450068
8	4	1	1	3	138268	7369	1018896892
8	4	1	2	1	141119	7367	1039623673
8	4	1	2	2	138172	7369	1018189468
8	4	1	2	3	138011	7374	1017693114
8	4	1	3	1	141059	7372	1039886948
8	4	1	3	2	138118	7374	1018482132
8	4	1	3	3	137958	7379	1017992082
8	4	2	1	1	122491	7366	902268706
8	4	2	1	2	117394	7358	863785052
8	4	2	1	3	116856	7360	860060160
8	4	2	2	1	122249	7371	901097379
8	4	2	2	2	117117	7363	862332471
8	4	2	2	3	116569	7365	858530685
8	4	2	3	1	122191	7376	901280816
8	4	2	3	2	117063	7368	862520184
8	4	2	3	3	116515	7370	858715550
8	4	3	1	1	119154	7371	878284134
8	4	3	1	2	113028	7362	832112136
8	4	3	1	3	111930	7359	823692870
8	4	3	2	1	118916	7376	877124416
8	4	3	2	2	112771	7367	830783957
8	4	3	2	3	111619	7359	821404221
8	4	3	3	1	118860	7381	877305660
8	4	3	3	2	112714	7372	830927608
8	4	3	3	3	111561	7364	821535204
8	8	1	1	1	127345	7360	937259200
8	8	1	1	2	126930	7366	934966380
8	8	1	1	3	126912	7375	935976000
8	8	1	2	1	127221	7369	937491549
8	8	1	2	2	126805	7375	935186875
8	8	1	2	3	126785	7384	936180440
8	8	1	3	1	127219	7378	938621782
8	8	1	3	2	126803	7384	936313352
8	8	1	3	3	126783	7393	937306719
8	8	2	1	1	113432	7368	835766976
8	8	2	1	2	111506	7350	819569100
8	8	2	1	3	111428	7356	819664368
8	8	2	2	1	113308	7377	835873116
8	8	2	2	2	111370	7359	819571830
8	8	2	2	3	111290	7365	819650850
8	8	2	3	1	113293	7386	836782098
8	8	2	3	2	111356	7368	820471008
8	8	2	3	3	111275	7374	820541850
8	8	3	1	1	110730	7377	816855210
8	8	3	1	2	107512	7358	791073296
8	8	3	1	3	107290	7359	789547110
8	8	3	2	1	110611	7386	816972846
8	8	3	2	2	107377	7367	791046359
8	8	3	2	3	107158	7349	787504142
8	8	3	3	1	110594	7395	817842630
8	8	3	3	2	107360	7376	791887360
8	8	3	3	3	107139	7358	788328762
