F	M	J	K	L	Cycles	Cost	Product
2	2	1	1	1	197491	262	51742642
2	2	1	1	2	190670	265	50527550
2	2	1	1	3	189979	268	50914372
2	2	1	2	1	194876	265	51642140
2	2	1	2	2	187580	268	50271440
2	2	1	2	3	187222	271	50737162
2	2	1	3	1	193357	268	51819676
2	2	1	3	2	186065	271	50423615
2	2	1	3	3	185707	274	50883718
2	2	2	1	1	171592	209	35862728
2	2	2	1	2	166139	212	35221468
2	2	2	1	3	165105	215	35497575
2	2	2	2	1	169363	212	35904956
2	2	2	2	2	164154	215	35293110
2	2	2	2	3	163295	218	35598310
2	2	2	3	1	167776	215	36071840
2	2	2	3	2	162639	218	35455302
2	2	2	3	3	161780	221	35753380
2	2	3	1	1	166456	174	28963344
2	2	3	1	2	161302	177	28550454
2	2	3	1	3	160480	180	28886400
2	2	3	2	1	164362	177	29092074
2	2	3	2	2	159690	180	28744200
2	2	3	2	3	158874	183	29073942
2	2	3	3	1	162847	180	29312460
2	2	3	3	2	158175	183	28946025
2	2	3	3	3	157359	186	29268774
2	4	1	1	1	165972	213	35352036
2	4	1	1	2	164834	218	35933812
2	4	1	1	3	164742	223	36737466
2	4	1	2	1	162997	218	35533346
2	4	1	2	2	161807	223	36082961
2	4	1	2	3	161715	228	36871020
2	4	1	3	1	159973	223	35673979
2	4	1	3	2	158783	228	36202524
2	4	1	3	3	158691	233	36975003
2	4	2	1	1	158868	137	21764916
2	4	2	1	2	157666	142	22388572
2	4	2	1	3	157488	147	23150736
2	4	2	2	1	155841	142	22129422
2	4	2	2	2	154639	147	22731933
2	4	2	2	3	154461	152	23478072
2	4	2	3	1	152817	147	22464099
2	4	2	3	2	151615	152	23045480
2	4	2	3	3	151437	157	23775609
2	4	3	1	1	157338	93	14632434
2	4	3	1	2	156136	98	15301328
2	4	3	1	3	155950	103	16062850
2	4	3	2	1	154311	98	15122478
2	4	3	2	2	153109	103	15770227
2	4	3	2	3	152923	108	16515684
2	4	3	3	1	151287	103	15582561
2	4	3	3	2	150085	108	16209180
2	4	3	3	3	149899	113	16938587
2	8	1	1	1	159591	186	29683926
2	8	1	1	2	159322	195	31067790
2	8	1	1	3	159320	204	32501280
2	8	1	2	1	153544	195	29941080
2	8	1	2	2	153275	204	31268100
2	8	1	2	3	153273	213	32647149
2	8	1	3	1	147934	204	30178536
2	8	1	3	2	147665	213	31452645
2	8	1	3	3	147663	222	32781186
2	8	2	1	1	153301	70	10731070
2	8	2	1	2	153025	79	12088975
2	8	2	1	3	153025	88	13466200
2	8	2	2	1	147253	64	9424192
2	8	2	2	2	146977	73	10729321
2	8	2	2	3	146977	82	12052114
2	8	2	3	1	141234	73	10310082
2	8	2	3	2	140958	82	11558556
2	8	2	3	3	140958	91	12827178
2	8	3	1	1	152902	79	12079258
2	8	3	1	2	152618	88	13430384
2	8	3	1	3	152618	97	14803946
2	8	3	2	1	146854	72	10573488
2	8	3	2	2	146570	81	11872170
2	8	3	2	3	146570	90	13191300
2	8	3	3	1	140835	68	9576780
2	8	3	3	2	140551	74	10400774
2	8	3	3	3	140551	83	11665733
4	2	1	1	1	193474	305	59009570
4	2	1	1	2	185536	308	57145088
4	2	1	1	3	184793	311	57470623
4	2	1	2	1	190766	308	58755928
4	2	1	2	2	182006	311	56603866
4	2	1	2	3	181602	314	57023028
4	2	1	3	1	189240	311	58853640
4	2	1	3	2	180469	314	56667266
4	2	1	3	3	180072	317	57082824
4	2	2	1	1	158665	278	44108870
4	2	2	1	2	150817	281	42379577
4	2	2	1	3	149491	284	42455444
4	2	2	2	1	155859	281	43796379
4	2	2	2	2	148198	284	42088232
4	2	2	2	3	146897	287	42159439
4	2	2	3	1	153868	284	43698512
4	2	2	3	2	146391	287	42014217
4	2	2	3	3	145232	290	42117280
4	2	3	1	1	152015	262	39827930
4	2	3	1	2	144687	265	38342055
4	2	3	1	3	143304	268	38405472
4	2	3	2	1	149521	265	39623065
4	2	3	2	2	142384	268	38158912
4	2	3	2	3	141260	271	38281460
4	2	3	3	1	147771	268	39602628
4	2	3	3	2	140826	271	38163846
4	2	3	3	3	139793	274	38303282
4	4	1	1	1	150839	282	42536598
4	4	1	1	2	148875	287	42727125
4	4	1	1	3	148819	292	43455148
4	4	1	2	1	147517	287	42337379
4	4	1	2	2	145675	292	42537100
4	4	1	2	3	145619	297	43248843
4	4	1	3	1	144493	292	42191956
4	4	1	3	2	142651	297	42367347
4	4	1	3	3	142595	302	43063690
4	4	2	1	1	141811	249	35310939
4	4	2	1	2	139840	254	35519360
4	4	2	1	3	139377	259	36098643
4	4	2	2	1	138781	254	35250374
4	4	2	2	2	136809	259	35433531
4	4	2	2	3	136346	264	35995344
4	4	2	3	1	135757	259	35161063
4	4	2	3	2	133785	264	35319240
4	4	2	3	3	133322	269	35863618
4	4	3	1	1	139140	231	32141340
4	4	3	1	2	137213	236	32382268
4	4	3	1	3	136743	241	32955063
4	4	3	2	1	136112	236	32122432
4	4	3	2	2	134182	241	32337862
4	4	3	2	3	133712	246	32893152
4	4	3	3	1	133088	241	32074208
4	4	3	3	2	131158	246	32264868
4	4	3	3	3	130688	251	32802688
4	8	1	1	1	142858	276	39428808
4	8	1	1	2	142462	285	40601670
4	8	1	1	3	142461	294	41883534
4	8	1	2	1	136810	285	38990850
4	8	1	2	2	136411	294	40104834
4	8	1	2	3	136410	303	41332230
4	8	1	3	1	131342	294	38614548
4	8	1	3	2	130943	303	39675729
4	8	1	3	3	130942	312	40853904
4	8	2	1	1	134938	218	29416484
4	8	2	1	2	134104	227	30441608
4	8	2	1	3	134104	236	31648544
4	8	2	2	1	128890	227	29258030
4	8	2	2	2	128053	236	30220508
4	8	2	2	3	128053	245	31372985
4	8	2	3	1	122842	236	28990712
4	8	2	3	2	122005	245	29891225
4	8	2	3	3	122005	254	30989270
4	8	3	1	1	133110	176	23427360
4	8	3	1	2	132269	185	24469765
4	8	3	1	3	132269	194	25660186
4	8	3	2	1	127062	185	23506470
4	8	3	2	2	126218	194	24486292
4	8	3	2	3	126218	203	25622254
4	8	3	3	1	121014	194	23476716
4	8	3	3	2	120170	203	24394510
4	8	3	3	3	120170	212	25476040
8	2	1	1	1	192035	326	62603410
8	2	1	1	2	183865	329	60491585
8	2	1	1	3	183105	332	60790860
8	2	1	2	1	189310	329	62282990
8	2	1	2	2	180271	332	59849972
8	2	1	2	3	179847	335	60248745
8	2	1	3	1	187780	332	62342960
8	2	1	3	2	178723	335	59872205
8	2	1	3	3	178309	338	60268442
8	2	2	1	1	153747	314	48276558
8	2	2	1	2	144824	317	45909208
8	2	2	1	3	143383	320	45882560
8	2	2	2	1	150825	317	47811525
8	2	2	2	2	141638	320	45324160
8	2	2	2	3	140091	323	45249393
8	2	2	3	1	148819	320	47622080
8	2	2	3	2	139768	323	45145064
8	2	2	3	3	138377	326	45110902
8	2	3	1	1	146025	308	44975700
8	2	3	1	2	137687	311	42820657
8	2	3	1	3	136194	314	42764916
8	2	3	2	1	143184	311	44530224
8	2	3	2	2	135103	314	42422342
8	2	3	2	3	133643	317	42364831
8	2	3	3	1	141316	314	44373224
8	2	3	3	2	133298	317	42255466
8	2	3	3	3	131895	320	42206400
8	4	1	1	1	144515	318	45955770
8	4	1	1	2	142388	323	45991324
8	4	1	1	3	142330	328	46684240
8	4	1	2	1	141070	323	45565610
8	4	1	2	2	139165	328	45646120
8	4	1	2	3	139107	333	46322631
8	4	1	3	1	138046	328	45279088
8	4	1	3	2	136141	333	45334953
8	4	1	3	3	136083	338	45996054
8	4	2	1	1	134593	304	40916272
8	4	2	1	2	132127	309	40827243
8	4	2	1	3	131679	314	41347206
8	4	2	2	1	131249	309	40555941
8	4	2	2	2	128999	314	40505686
8	4	2	2	3	128548	319	41006812
8	4	2	3	1	128225	314	40262650
8	4	2	3	2	125975	319	40186025
8	4	2	3	3	125524	324	40669776
8	4	3	1	1	131221	303	39759963
8	4	3	1	2	128819	308	39676252
8	4	3	1	3	128173	313	40118149
8	4	3	2	1	128122	308	39461576
8	4	3	2	2	125839	313	39387607
8	4	3	2	3	125190	318	39810420
8	4	3	3	1	125098	313	39155674
8	4	3	3	2	122815	318	39055170
8	4	3	3	3	122166	323	39459618
8	8	1	1	1	135273	320	43287360
8	8	1	1	2	135017	329	44420593
8	8	1	1	3	134958	338	45615804
8	8	1	2	1	129226	329	42515354
8	8	1	2	2	128970	338	43591860
8	8	1	2	3	128911	347	44732117
8	8	1	3	1	123829	338	41854202
8	8	1	3	2	123573	347	42879831
8	8	1	3	3	123514	356	43970984
8	8	2	1	1	126975	303	38473425
8	8	2	1	2	125976	312	39304512
8	8	2	1	3	125957	321	40432197
8	8	2	2	1	120927	312	37729224
8	8	2	2	2	119925	321	38495925
8	8	2	2	3	119906	330	39568980
8	8	2	3	1	114880	321	36876480
8	8	2	3	2	113878	330	37579740
8	8	2	3	3	113859	339	38598201
8	8	3	1	1	124854	279	34834266
8	8	3	1	2	123735	288	35635680
8	8	3	1	3	123714	297	36743058
8	8	3	2	1	118806	288	34216128
8	8	3	2	2	117684	297	34952148
8	8	3	2	3	117663	306	36004878
8	8	3	3	1	112758	297	33489126
8	8	3	3	2	111636	306	34160616
8	8	3	3	3	111615	315	35158725
